2023-12-26T22:34:08.002840503 [anonymous-instance:fc_api:INFO:src/api_server/src/parsed_request.rs:162] The request was executed successfully. Status code: 204 No Content.
2023-12-26T22:34:08.002848156 [anonymous-instance:fc_api:DEBUG:src/api_server/src/lib.rs:120] Total previous API call duration: 51 us.
2023-12-26T22:34:08.006282195 [anonymous-instance:fc_api:INFO:src/api_server/src/parsed_request.rs:215] The API server received a Put request on "/boot-source" with body "{\n      \"kernel_image_path\": \"/home/mbana/dev/firecracker/test-1/vmlinux-5.10.204\",\n      \"boot_args\": \"console=ttyS0 reboot=k panic=1 pci=off verbose\"\n  }".
2023-12-26T22:34:08.006310551 [anonymous-instance:fc_api:INFO:src/api_server/src/parsed_request.rs:162] The request was executed successfully. Status code: 204 No Content.
2023-12-26T22:34:08.006314868 [anonymous-instance:fc_api:DEBUG:src/api_server/src/lib.rs:120] Total previous API call duration: 37 us.
2023-12-26T22:34:08.008785369 [anonymous-instance:fc_api:INFO:src/api_server/src/parsed_request.rs:215] The API server received a Put request on "/drives/rootfs" with body "{\n      \"drive_id\": \"rootfs\",\n      \"path_on_host\": \"/home/mbana/dev/firecracker/test-1/ubuntu-22.04.ext4\",\n      \"is_root_device\": true,\n      \"is_read_only\": false\n  }".
2023-12-26T22:34:08.008822484 [anonymous-instance:fc_api:INFO:src/api_server/src/parsed_request.rs:162] The request was executed successfully. Status code: 204 No Content.
2023-12-26T22:34:08.008824984 [anonymous-instance:fc_api:DEBUG:src/api_server/src/lib.rs:120] Total previous API call duration: 44 us.
2023-12-26T22:34:08.011159980 [anonymous-instance:fc_api:INFO:src/api_server/src/parsed_request.rs:215] The API server received a Put request on "/network-interfaces/net1" with body "{\n      \"iface_id\": \"net1\",\n      \"guest_mac\": \"06:00:AC:10:00:02\",\n      \"host_dev_name\": \"tap0\"\n  }".
2023-12-26T22:34:08.011657594 [anonymous-instance:fc_api:INFO:src/api_server/src/parsed_request.rs:162] The request was executed successfully. Status code: 204 No Content.
2023-12-26T22:34:08.011666651 [anonymous-instance:fc_api:DEBUG:src/api_server/src/lib.rs:120] Total previous API call duration: 508 us.
2023-12-26T22:34:09.322433950 [anonymous-instance:fc_api:INFO:src/api_server/src/parsed_request.rs:215] The API server received a Put request on "/actions" with body "{\n      \"action_type\": \"InstanceStart\"\n  }".
2023-12-26T22:34:09.348527721 [anonymous-instance:main:INFO:src/vmm/src/device_manager/mmio.rs:392] Artificially kick devices.
2023-12-26T22:34:09.348765119 [anonymous-instance:fc_api:INFO:src/api_server/src/parsed_request.rs:162] The request was executed successfully. Status code: 204 No Content.
2023-12-26T22:34:09.348787112 [anonymous-instance:fc_api:DEBUG:src/api_server/src/lib.rs:120] Total previous API call duration: 26357 us.
2023-12-26T22:34:09.502899421 [anonymous-instance:main:DEBUG:src/vmm/src/devices/virtio/block/event_handler.rs:35] block: activate event
2023-12-26T22:34:09.515083346 [anonymous-instance:main:DEBUG:src/vmm/src/devices/virtio/net/event_handler.rs:42] net: activate event
2023-12-26T22:34:09.515259749 [anonymous-instance:fc_vcpu 0:WARN:src/vmm/src/devices/legacy/i8042.rs:117] Failed to trigger i8042 kbd interrupt (disabled by guest OS)
2023-12-26T22:34:09.523636048 [anonymous-instance:fc_vcpu 0:WARN:src/vmm/src/devices/legacy/i8042.rs:117] Failed to trigger i8042 kbd interrupt (disabled by guest OS)
2023-12-26T22:35:12.078439814 [anonymous-instance:main:INFO:src/vmm/src/lib.rs:806] Vmm is stopping.
2023-12-26T22:35:12.078511048 [anonymous-instance:fc_api:DEBUG:src/api_server/src/lib.rs:99] shutdown request received, API server thread ending.
2023-12-26T22:35:12.078563842 [anonymous-instance:main:INFO:src/vmm/src/lib.rs:806] Vmm is stopping.
2023-12-26T22:35:12.110561471 [anonymous-instance:main:INFO:src/firecracker/src/main.rs:100] Firecracker exited successfully
y
acker exited successfully
ly
.
2023-12-26T22:28:04.104881402 [anonymous-instance:fc_api:ERROR:src/api_server/src/parsed_request.rs:189] Received Error. Status code: 400 Bad Request. Message: The requested operation is not supported after starting the microVM.
2023-12-26T22:28:04.104889871 [anonymous-instance:fc_api:DEBUG:src/api_server/src/lib.rs:120] Total previous API call duration: 42 us.
2023-12-26T22:28:04.108283937 [anonymous-instance:fc_api:INFO:src/api_server/src/parsed_request.rs:215] The API server received a Put request on "/boot-source" with body "{\n        \"kernel_image_path\": \"/home/mbana/dev/firecracker/test-1/vmlinux-5.10.204\",\n        \"boot_args\": \"console=ttyS0 reboot=k panic=1 pci=off verbose\"\n    }".
2023-12-26T22:28:04.108328320 [anonymous-instance:fc_api:ERROR:src/api_server/src/parsed_request.rs:189] Received Error. Status code: 400 Bad Request. Message: The requested operation is not supported after starting the microVM.
2023-12-26T22:28:04.108333919 [anonymous-instance:fc_api:DEBUG:src/api_server/src/lib.rs:120] Total previous API call duration: 55 us.
2023-12-26T22:28:04.111059472 [anonymous-instance:fc_api:INFO:src/api_server/src/parsed_request.rs:215] The API server received a Put request on "/drives/rootfs" with body "{\n        \"drive_id\": \"rootfs\",\n        \"path_on_host\": \"/home/mbana/dev/firecracker/test-1/ubuntu-22.04.ext4\",\n        \"is_root_device\": true,\n        \"is_read_only\": false\n    }".
2023-12-26T22:28:04.111106510 [anonymous-instance:fc_api:ERROR:src/api_server/src/parsed_request.rs:189] Received Error. Status code: 400 Bad Request. Message: The requested operation is not supported after starting the microVM.
2023-12-26T22:28:04.111112081 [anonymous-instance:fc_api:DEBUG:src/api_server/src/lib.rs:120] Total previous API call duration: 57 us.
2023-12-26T22:28:04.113672573 [anonymous-instance:fc_api:INFO:src/api_server/src/parsed_request.rs:215] The API server received a Put request on "/network-interfaces/net1" with body "{\n        \"iface_id\": \"net1\",\n        \"guest_mac\": \"06:00:AC:10:00:02\",\n        \"host_dev_name\": \"tap0\"\n    }".
2023-12-26T22:28:04.113682941 [anonymous-instance:fc_api:ERROR:src/api_server/src/parsed_request.rs:189] Received Error. Status code: 400 Bad Request. Message: The requested operation is not supported after starting the microVM.
2023-12-26T22:28:04.113686423 [anonymous-instance:fc_api:DEBUG:src/api_server/src/lib.rs:120] Total previous API call duration: 16 us.
2023-12-26T22:28:04.374013940 [anonymous-instance:fc_api:INFO:src/api_server/src/parsed_request.rs:215] The API server received a Put request on "/actions" with body "{\n        \"action_type\": \"InstanceStart\"\n    }".
2023-12-26T22:28:04.374221589 [anonymous-instance:fc_api:ERROR:src/api_server/src/parsed_request.rs:189] Received Error. Status code: 400 Bad Request. Message: The requested operation is not supported after starting the microVM.
2023-12-26T22:28:04.374233764 [anonymous-instance:fc_api:DEBUG:src/api_server/src/lib.rs:120] Total previous API call duration: 224 us.
2023-12-26T22:28:06.196897612 [anonymous-instance:main:ERROR:src/vmm/src/devices/virtio/net/device.rs:482] Failed to write to tap: Os { code: 77, kind: Uncategorized, message: "File descriptor in bad state" }
2023-12-26T22:28:07.220899561 [anonymous-instance:main:ERROR:src/vmm/src/devices/virtio/net/device.rs:482] Failed to write to tap: Os { code: 77, kind: Uncategorized, message: "File descriptor in bad state" }
2023-12-26T22:28:08.244947135 [anonymous-instance:main:ERROR:src/vmm/src/devices/virtio/net/device.rs:482] Failed to write to tap: Os { code: 77, kind: Uncategorized, message: "File descriptor in bad state" }
2023-12-26T22:28:28.037296473 [anonymous-instance:main:INFO:src/vmm/src/lib.rs:806] Vmm is stopping.
2023-12-26T22:28:28.037405895 [anonymous-instance:fc_api:DEBUG:src/api_server/src/lib.rs:99] shutdown request received, API server thread ending.
2023-12-26T22:28:28.037468286 [anonymous-instance:main:INFO:src/vmm/src/lib.rs:806] Vmm is stopping.
2023-12-26T22:28:28.069317036 [anonymous-instance:main:INFO:src/firecracker/src/main.rs:100] Firecracker exited successfully
uest.rs:189] Received Error. Status code: 400 Bad Request. Message: The requested operation is not supported after starting the microVM.
2023-12-26T22:23:45.294617756 [anonymous-instance:fc_api:DEBUG:src/api_server/src/lib.rs:120] Total previous API call duration: 278 us.
2023-12-26T22:24:05.429142002 [anonymous-instance:main:INFO:src/vmm/src/lib.rs:806] Vmm is stopping.
2023-12-26T22:24:05.429205178 [anonymous-instance:fc_api:DEBUG:src/api_server/src/lib.rs:99] shutdown request received, API server thread ending.
2023-12-26T22:24:05.429252146 [anonymous-instance:main:INFO:src/vmm/src/lib.rs:806] Vmm is stopping.
2023-12-26T22:24:05.448257963 [anonymous-instance:main:INFO:src/firecracker/src/main.rs:100] Firecracker exited successfully
